<?xml version="1.0" encoding="UTF-8"?>
<!-- Generated by org.testng.reporters.JUnitXMLReporter -->
<testsuite ignored="0" hostname="Jorges-MacBook-Pro.local" failures="0" tests="2" name="BreakingBadAPITest" time="6.605" errors="0" timestamp="2021-07-30T13:08:15 AST">
  <testcase classname="com.BreakingBadAPI.EndpointTest.CharacterTest" name="testGetAllCharacters" time="5.51"/>
  <testcase classname="com.BreakingBadAPI.EndpointTest.CharacterTest" name="testGetCharacterByName" time="1.016"/>
</testsuite> <!-- BreakingBadAPITest -->
