<?xml version="1.0" encoding="UTF-8"?>
<!-- Generated by org.testng.reporters.JUnitXMLReporter -->
<testsuite ignored="0" hostname="Jorges-MacBook-Pro.local" failures="0" tests="2" name="EndpointTest" time="9.587" errors="0" timestamp="2021-07-30T15:01:20 AST">
  <testcase classname="com.BreakingBadAPI.EndpointTest.CharacterTest" name="testGetAllCharacters" time="7.833"/>
  <testcase classname="com.BreakingBadAPI.EndpointTest.CharacterTest" name="testGetCharacterByName" time="1.688"/>
</testsuite> <!-- EndpointTest -->
