<?xml version="1.0" encoding="UTF-8"?>
<!-- Generated by org.testng.reporters.JUnitXMLReporter -->
<testsuite ignored="0" hostname="Jorges-MacBook-Pro.local" failures="0" tests="2" name="EndpointTest" time="8.706" errors="0" timestamp="2021-07-30T17:22:19 AST">
  <testcase classname="com.BreakingBadAPI.EndpointTest.CharacterTest" name="testGetAllCharacters" time="7.445"/>
  <testcase classname="com.BreakingBadAPI.EndpointTest.CharacterTest" name="testGetCharacterByName" time="1.196"/>
</testsuite> <!-- EndpointTest -->
