<?xml version="1.0" encoding="UTF-8"?>
<!-- Generated by org.testng.reporters.JUnitXMLReporter -->
<testsuite ignored="4" hostname="Jorges-MacBook-Pro.local" failures="0" tests="4" name="WebPageTest" time="43.933" errors="0" timestamp="2021-07-30T19:59:25 AST">
  <testcase classname="com.WebPage.FeatureTest.FooterTest" name="validateFooterInformation" time="0.643"/>
  <testcase classname="com.WebPage.FeatureTest.ShoppingCartTest" name="testAddItemToShoppingCart" time="9.52"/>
  <testcase classname="com.WebPage.FeatureTest.ShoppingCartTest" name="testRemoveItemFromShoppingCart" time="0.327"/>
  <testcase classname="com.WebPage.FeatureTest.SearchBoxTest" name="testSearchBox" time="10.704"/>
  <testcase classname="com.WebPage.FeatureTest.FeatureTest" name="@AfterTest afterSuite" time="0.0">
    <ignored/>
  </testcase> <!-- @AfterTest afterSuite -->
  <testcase classname="com.WebPage.FeatureTest.FeatureTest" name="@AfterTest afterSuite" time="0.0">
    <ignored/>
  </testcase> <!-- @AfterTest afterSuite -->
  <testcase classname="com.WebPage.FeatureTest.FeatureTest" name="@BeforeTest beforeSuite" time="0.0">
    <ignored/>
  </testcase> <!-- @BeforeTest beforeSuite -->
  <testcase classname="com.WebPage.FeatureTest.FeatureTest" name="@BeforeTest beforeSuite" time="0.0">
    <ignored/>
  </testcase> <!-- @BeforeTest beforeSuite -->
</testsuite> <!-- WebPageTest -->
