<?xml version="1.0" encoding="UTF-8"?>
<!-- Generated by org.testng.reporters.JUnitXMLReporter -->
<testsuite ignored="7" hostname="Jorges-MacBook-Pro.local" failures="0" tests="1" name="ApplaudoTechnicalExam" time="0.323" errors="0" timestamp="2021-07-30T13:02:41 AST">
  <testcase classname="com.WebPage.FeatureTest.SearchBoxTest" name="@BeforeClass beforeClass" time="0.001">
    <failure type="java.lang.NullPointerException" message="Cannot invoke &amp;quot;org.openqa.selenium.WebDriver.get(String)&amp;quot; because &amp;quot;this.driver&amp;quot; is null">
      <![CDATA[java.lang.NullPointerException: Cannot invoke "org.openqa.selenium.WebDriver.get(String)" because "this.driver" is null
at com.WebPage.FeatureTest.SearchBoxTest.beforeClass(SearchBoxTest.java:25)
at java.base/java.util.ArrayList.forEach(ArrayList.java:1511)
... Removed 25 stack frames]]>
    </failure>
  </testcase> <!-- @BeforeClass beforeClass -->
  <testcase classname="com.WebPage.FeatureTest.SearchBoxTest" name="testSearchBox" time="0.0">
    <skipped/>
  </testcase> <!-- testSearchBox -->
  <testcase classname="com.WebPage.FeatureTest.FeatureTest" name="@AfterSuite afterSuite" time="0.0">
    <ignored/>
  </testcase> <!-- @AfterSuite afterSuite -->
  <testcase classname="com.WebPage.FeatureTest.FeatureTest" name="@AfterSuite afterSuite" time="0.0">
    <ignored/>
  </testcase> <!-- @AfterSuite afterSuite -->
  <testcase classname="com.WebPage.FeatureTest.ShoppingCartTest" name="testRemoveItemFromShoppingCart" time="0.0">
    <ignored/>
  </testcase> <!-- testRemoveItemFromShoppingCart -->
  <testcase classname="com.WebPage.FeatureTest.FeatureTest" name="@BeforeSuite beforeSuite" time="0.0">
    <ignored/>
  </testcase> <!-- @BeforeSuite beforeSuite -->
  <testcase classname="com.WebPage.FeatureTest.FeatureTest" name="@BeforeSuite beforeSuite" time="0.0">
    <ignored/>
  </testcase> <!-- @BeforeSuite beforeSuite -->
  <testcase classname="com.WebPage.FeatureTest.FooterTest" name="validateFooterInformation" time="0.0">
    <ignored/>
  </testcase> <!-- validateFooterInformation -->
  <testcase classname="com.WebPage.FeatureTest.ShoppingCartTest" name="testAddItemToShoppingCart" time="0.0">
    <ignored/>
  </testcase> <!-- testAddItemToShoppingCart -->
</testsuite> <!-- ApplaudoTechnicalExam -->
