<?xml version="1.0" encoding="UTF-8"?>
<testng-results ignored="0" total="3" passed="3" failed="0" skipped="0">
  <reporter-output>
    <line>
      <![CDATA[[INFORMATION ON FOOTER:] Store information
Selenium Framework, Research Triangle Park, North Carolina, USA
Call us now: (347) 466-7432
Email: support@seleniumframework.com

]]>
    </line>
    <line>
      <![CDATA[[EXPECTED INFORMATION VALUES:] Store information
Selenium Framework, Research Triangle Park, North Carolina, USA

]]>
    </line>
    <line>
      <![CDATA[[COMPARISON RESULT:] true

]]>
    </line>
    <line>
      <![CDATA[[EXPECTED INFORMATION VALUES:] Call us now: (347) 466-7432

]]>
    </line>
    <line>
      <![CDATA[[COMPARISON RESULT:] true

]]>
    </line>
    <line>
      <![CDATA[[EXPECTED INFORMATION VALUES:] Email: support@seleniumframework.com

]]>
    </line>
    <line>
      <![CDATA[[COMPARISON RESULT:] true

]]>
    </line>
  </reporter-output>
  <suite started-at="2021-07-30T17:10:25 AST" name="ApplaudoTechnicalExam" finished-at="2021-07-30T17:10:40 AST" duration-ms="14986">
    <groups>
    </groups>
    <test started-at="2021-07-30T17:10:25 AST" name="EndpointTest" finished-at="2021-07-30T17:10:34 AST" duration-ms="8642">
      <class name="com.BreakingBadAPI.EndpointTest.CharacterTest">
        <test-method signature="testGetAllCharacters()[pri:0, instance:com.BreakingBadAPI.EndpointTest.CharacterTest@6ac13091]" started-at="2021-07-30T17:10:25 AST" name="testGetAllCharacters" finished-at="2021-07-30T17:10:33 AST" duration-ms="7511" status="PASS">
          <reporter-output>
          </reporter-output>
        </test-method> <!-- testGetAllCharacters -->
        <test-method signature="testGetCharacterByName()[pri:0, instance:com.BreakingBadAPI.EndpointTest.CharacterTest@6ac13091]" started-at="2021-07-30T17:10:33 AST" name="testGetCharacterByName" finished-at="2021-07-30T17:10:34 AST" duration-ms="1082" status="PASS">
          <reporter-output>
          </reporter-output>
        </test-method> <!-- testGetCharacterByName -->
      </class> <!-- com.BreakingBadAPI.EndpointTest.CharacterTest -->
    </test> <!-- EndpointTest -->
    <test started-at="2021-07-30T17:10:25 AST" name="WebPageTest" finished-at="2021-07-30T17:10:40 AST" duration-ms="14986">
      <class name="com.WebPage.FeatureTest.FooterTest">
        <test-method is-config="true" signature="beforeSuite()[pri:0, instance:com.WebPage.FeatureTest.FooterTest@5bfa9431]" started-at="2021-07-30T17:10:25 AST" name="beforeSuite" finished-at="2021-07-30T17:10:40 AST" duration-ms="14462" status="PASS">
          <reporter-output>
          </reporter-output>
        </test-method> <!-- beforeSuite -->
        <test-method signature="validateFooterInformation()[pri:0, instance:com.WebPage.FeatureTest.FooterTest@5bfa9431]" started-at="2021-07-30T17:10:40 AST" name="validateFooterInformation" finished-at="2021-07-30T17:10:40 AST" duration-ms="211" status="PASS">
          <reporter-output>
            <line>
              <![CDATA[[INFORMATION ON FOOTER:] Store information
Selenium Framework, Research Triangle Park, North Carolina, USA
Call us now: (347) 466-7432
Email: support@seleniumframework.com

]]>
            </line>
            <line>
              <![CDATA[[EXPECTED INFORMATION VALUES:] Store information
Selenium Framework, Research Triangle Park, North Carolina, USA

]]>
            </line>
            <line>
              <![CDATA[[COMPARISON RESULT:] true

]]>
            </line>
            <line>
              <![CDATA[[EXPECTED INFORMATION VALUES:] Call us now: (347) 466-7432

]]>
            </line>
            <line>
              <![CDATA[[COMPARISON RESULT:] true

]]>
            </line>
            <line>
              <![CDATA[[EXPECTED INFORMATION VALUES:] Email: support@seleniumframework.com

]]>
            </line>
            <line>
              <![CDATA[[COMPARISON RESULT:] true

]]>
            </line>
          </reporter-output>
        </test-method> <!-- validateFooterInformation -->
        <test-method is-config="true" signature="afterSuite()[pri:0, instance:com.WebPage.FeatureTest.FooterTest@5bfa9431]" started-at="2021-07-30T17:10:40 AST" name="afterSuite" finished-at="2021-07-30T17:10:40 AST" duration-ms="298" status="PASS">
          <reporter-output>
          </reporter-output>
        </test-method> <!-- afterSuite -->
      </class> <!-- com.WebPage.FeatureTest.FooterTest -->
    </test> <!-- WebPageTest -->
  </suite> <!-- ApplaudoTechnicalExam -->
</testng-results>
