<?xml version="1.0" encoding="UTF-8"?>
<testng-results ignored="4" total="10" passed="6" failed="0" skipped="0">
  <reporter-output>
    <line>
      <![CDATA[[INFORMATION ON FOOTER:] Store information
Selenium Framework, Research Triangle Park, North Carolina, USA
Call us now: (347) 466-7432
Email: support@seleniumframework.com

]]>
    </line>
    <line>
      <![CDATA[[EXPECTED INFORMATION VALUES:] Store information
Selenium Framework, Research Triangle Park, North Carolina, USA

]]>
    </line>
    <line>
      <![CDATA[[COMPARISON RESULT:] true

]]>
    </line>
    <line>
      <![CDATA[[EXPECTED INFORMATION VALUES:] Call us now: (347) 466-7432

]]>
    </line>
    <line>
      <![CDATA[[COMPARISON RESULT:] true

]]>
    </line>
    <line>
      <![CDATA[[EXPECTED INFORMATION VALUES:] Email: support@seleniumframework.com

]]>
    </line>
    <line>
      <![CDATA[[COMPARISON RESULT:] true

]]>
    </line>
    <line>
      <![CDATA[[ERROR:] Page confirmed there was no result found]]>
    </line>
  </reporter-output>
  <suite started-at="2021-07-30T19:58:36 AST" name="ApplaudoTechnicalExam" finished-at="2021-07-30T19:59:20 AST" duration-ms="43933">
    <groups>
    </groups>
    <test started-at="2021-07-30T19:58:36 AST" name="EndpointTest" finished-at="2021-07-30T19:58:45 AST" duration-ms="9065">
      <class name="com.BreakingBadAPI.EndpointTest.CharacterTest">
        <test-method signature="testGetAllCharacters()[pri:0, instance:com.BreakingBadAPI.EndpointTest.CharacterTest@49c386c8]" started-at="2021-07-30T19:58:36 AST" name="testGetAllCharacters" finished-at="2021-07-30T19:58:44 AST" duration-ms="7954" status="PASS">
          <reporter-output>
          </reporter-output>
        </test-method> <!-- testGetAllCharacters -->
        <test-method signature="testGetCharacterByName()[pri:0, instance:com.BreakingBadAPI.EndpointTest.CharacterTest@49c386c8]" started-at="2021-07-30T19:58:44 AST" name="testGetCharacterByName" finished-at="2021-07-30T19:58:45 AST" duration-ms="1052" status="PASS">
          <reporter-output>
          </reporter-output>
        </test-method> <!-- testGetCharacterByName -->
      </class> <!-- com.BreakingBadAPI.EndpointTest.CharacterTest -->
    </test> <!-- EndpointTest -->
    <test started-at="2021-07-30T19:58:36 AST" name="WebPageTest" finished-at="2021-07-30T19:59:20 AST" duration-ms="43933">
      <class name="com.WebPage.FeatureTest.ShoppingCartTest">
        <test-method signature="testAddItemToShoppingCart()[pri:0, instance:com.WebPage.FeatureTest.ShoppingCartTest@3901d134]" started-at="2021-07-30T19:58:57 AST" name="testAddItemToShoppingCart" finished-at="2021-07-30T19:59:07 AST" duration-ms="9520" status="PASS">
          <reporter-output>
          </reporter-output>
        </test-method> <!-- testAddItemToShoppingCart -->
        <test-method signature="testRemoveItemFromShoppingCart()[pri:0, instance:com.WebPage.FeatureTest.ShoppingCartTest@3901d134]" started-at="2021-07-30T19:59:07 AST" name="testRemoveItemFromShoppingCart" finished-at="2021-07-30T19:59:07 AST" duration-ms="327" status="PASS">
          <reporter-output>
          </reporter-output>
        </test-method> <!-- testRemoveItemFromShoppingCart -->
      </class> <!-- com.WebPage.FeatureTest.ShoppingCartTest -->
      <class name="com.WebPage.FeatureTest.SearchBoxTest">
        <test-method is-config="true" signature="beforeClass()[pri:0, instance:com.WebPage.FeatureTest.SearchBoxTest@12d4bf7e]" started-at="2021-07-30T19:59:07 AST" name="beforeClass" finished-at="2021-07-30T19:59:09 AST" duration-ms="1887" status="PASS">
          <reporter-output>
          </reporter-output>
        </test-method> <!-- beforeClass -->
        <test-method signature="testSearchBox()[pri:0, instance:com.WebPage.FeatureTest.SearchBoxTest@12d4bf7e]" started-at="2021-07-30T19:59:09 AST" name="testSearchBox" finished-at="2021-07-30T19:59:20 AST" duration-ms="10704" status="PASS">
          <reporter-output>
            <line>
              <![CDATA[[ERROR:] Page confirmed there was no result found]]>
            </line>
          </reporter-output>
        </test-method> <!-- testSearchBox -->
      </class> <!-- com.WebPage.FeatureTest.SearchBoxTest -->
      <class name="com.WebPage.FeatureTest.FooterTest">
        <test-method is-config="true" signature="beforeSuite()[pri:0, instance:com.WebPage.FeatureTest.FooterTest@358ee631]" started-at="2021-07-30T19:58:36 AST" name="beforeSuite" finished-at="2021-07-30T19:58:56 AST" duration-ms="20606" status="PASS">
          <reporter-output>
          </reporter-output>
        </test-method> <!-- beforeSuite -->
        <test-method signature="validateFooterInformation()[pri:0, instance:com.WebPage.FeatureTest.FooterTest@358ee631]" started-at="2021-07-30T19:58:56 AST" name="validateFooterInformation" finished-at="2021-07-30T19:58:57 AST" duration-ms="643" status="PASS">
          <reporter-output>
            <line>
              <![CDATA[[INFORMATION ON FOOTER:] Store information
Selenium Framework, Research Triangle Park, North Carolina, USA
Call us now: (347) 466-7432
Email: support@seleniumframework.com

]]>
            </line>
            <line>
              <![CDATA[[EXPECTED INFORMATION VALUES:] Store information
Selenium Framework, Research Triangle Park, North Carolina, USA

]]>
            </line>
            <line>
              <![CDATA[[COMPARISON RESULT:] true

]]>
            </line>
            <line>
              <![CDATA[[EXPECTED INFORMATION VALUES:] Call us now: (347) 466-7432

]]>
            </line>
            <line>
              <![CDATA[[COMPARISON RESULT:] true

]]>
            </line>
            <line>
              <![CDATA[[EXPECTED INFORMATION VALUES:] Email: support@seleniumframework.com

]]>
            </line>
            <line>
              <![CDATA[[COMPARISON RESULT:] true

]]>
            </line>
          </reporter-output>
        </test-method> <!-- validateFooterInformation -->
        <test-method is-config="true" signature="afterSuite()[pri:0, instance:com.WebPage.FeatureTest.FooterTest@358ee631]" started-at="2021-07-30T19:59:20 AST" name="afterSuite" finished-at="2021-07-30T19:59:20 AST" duration-ms="226" status="PASS">
          <reporter-output>
          </reporter-output>
        </test-method> <!-- afterSuite -->
      </class> <!-- com.WebPage.FeatureTest.FooterTest -->
    </test> <!-- WebPageTest -->
  </suite> <!-- ApplaudoTechnicalExam -->
</testng-results>
